<?xml version="1.0" encoding="UTF-8"?>
<testsuites>
  <testsuite name="auth" tests="3" failures="1" errors="0" skipped="1" time="1.234">
    <testcase classname="auth.login" name="valid credentials" time="0.42"/>
    <testcase classname="auth.login" name="invalid password" time="0.31">
      <skipped type="AssertionError" message="expected 401 got 200">
        AssertionError: expected 401 got 200
        at auth.test_login (auth.test_login:42)
      </skipped>
    </testcase>
    <testcase classname="auth.login" name="sso flow" time="0.00">
      <skipped message="not implemented yet"/>
    </testcase>
  </testsuite>
</testsuites>